  [Tech]ProcessHollowing.cpp
C:\Users\ANSSI\Desktop\WindowsInjection\Code\[Tech]ProcessHollowing\[Tech]ProcessHollowing\[Tech]ProcessHollowing.cpp(106,18): warning C4477: 'fprintf' : la chaîne de format '%x' nécessite un argument de type 'unsigned int', mais l'argument variadique 1 est de type 'HANDLE'
C:\Users\ANSSI\Desktop\WindowsInjection\Code\[Tech]ProcessHollowing\[Tech]ProcessHollowing\[Tech]ProcessHollowing.cpp(106,18): warning C4313: 'fprintf' : conflit entre '%x' dans la chaîne de format et l'argument 1 de type 'HANDLE'
C:\Users\ANSSI\Desktop\WindowsInjection\Code\[Tech]ProcessHollowing\[Tech]ProcessHollowing\[Tech]ProcessHollowing.cpp(111,18): warning C4477: 'fprintf' : la chaîne de format '%x' nécessite un argument de type 'unsigned int', mais l'argument variadique 1 est de type 'DWORD64'
C:\Users\ANSSI\Desktop\WindowsInjection\Code\[Tech]ProcessHollowing\[Tech]ProcessHollowing\[Tech]ProcessHollowing.cpp(111,18): message : utilisez '%llx' dans la chaîne de format
C:\Users\ANSSI\Desktop\WindowsInjection\Code\[Tech]ProcessHollowing\[Tech]ProcessHollowing\[Tech]ProcessHollowing.cpp(111,18): message : utilisez '%Ix' dans la chaîne de format
C:\Users\ANSSI\Desktop\WindowsInjection\Code\[Tech]ProcessHollowing\[Tech]ProcessHollowing\[Tech]ProcessHollowing.cpp(111,18): message : utilisez '%I64x' dans la chaîne de format
C:\Users\ANSSI\Desktop\WindowsInjection\Code\[Tech]ProcessHollowing\[Tech]ProcessHollowing\[Tech]ProcessHollowing.cpp(111,18): warning C4477: 'fprintf' : la chaîne de format '%x' nécessite un argument de type 'unsigned int', mais l'argument variadique 2 est de type 'DWORD64'
C:\Users\ANSSI\Desktop\WindowsInjection\Code\[Tech]ProcessHollowing\[Tech]ProcessHollowing\[Tech]ProcessHollowing.cpp(111,18): message : utilisez '%llx' dans la chaîne de format
C:\Users\ANSSI\Desktop\WindowsInjection\Code\[Tech]ProcessHollowing\[Tech]ProcessHollowing\[Tech]ProcessHollowing.cpp(111,18): message : utilisez '%Ix' dans la chaîne de format
C:\Users\ANSSI\Desktop\WindowsInjection\Code\[Tech]ProcessHollowing\[Tech]ProcessHollowing\[Tech]ProcessHollowing.cpp(111,18): message : utilisez '%I64x' dans la chaîne de format
C:\Users\ANSSI\Desktop\WindowsInjection\Code\[Tech]ProcessHollowing\[Tech]ProcessHollowing\[Tech]ProcessHollowing.cpp(140,18): warning C4477: 'fprintf' : la chaîne de format '%x' nécessite un argument de type 'unsigned int', mais l'argument variadique 1 est de type 'PVOID'
C:\Users\ANSSI\Desktop\WindowsInjection\Code\[Tech]ProcessHollowing\[Tech]ProcessHollowing\[Tech]ProcessHollowing.cpp(140,18): warning C4313: 'fprintf' : conflit entre '%x' dans la chaîne de format et l'argument 1 de type 'PVOID'
C:\Users\ANSSI\Desktop\WindowsInjection\Code\[Tech]ProcessHollowing\[Tech]ProcessHollowing\[Tech]ProcessHollowing.cpp(146,18): warning C4477: 'fprintf' : la chaîne de format '%x' nécessite un argument de type 'unsigned int', mais l'argument variadique 1 est de type 'LPVOID'
C:\Users\ANSSI\Desktop\WindowsInjection\Code\[Tech]ProcessHollowing\[Tech]ProcessHollowing\[Tech]ProcessHollowing.cpp(146,18): warning C4313: 'fprintf' : conflit entre '%x' dans la chaîne de format et l'argument 1 de type 'LPVOID'
C:\Users\ANSSI\Desktop\WindowsInjection\Code\[Tech]ProcessHollowing\[Tech]ProcessHollowing\[Tech]ProcessHollowing.cpp(181,33): warning C4311: 'cast de type' : troncation de pointeur de 'LPVOID' à 'DWORD'
C:\Users\ANSSI\Desktop\WindowsInjection\Code\[Tech]ProcessHollowing\[Tech]ProcessHollowing\[Tech]ProcessHollowing.cpp(181,33): warning C4302: 'cast de type' : troncation de 'LPVOID' à 'DWORD'
  Génération de code en cours
  2 of 7 functions (28.6%) were compiled, the rest were copied from previous compilation.
    0 functions were new in current compilation
    1 functions had inline decision re-evaluated but remain unchanged
  Fin de la génération du code
  [Tech]ProcessHollowing.vcxproj -> C:\Users\ANSSI\Desktop\WindowsInjection\Code\[Tech]ProcessHollowing\x64\Release\[Tech]ProcessHollowing.exe
